<?xml version="1.0" encoding="UTF-8"?>
<!-- Generated by org.testng.reporters.JUnitReportReporter -->
<testsuite skipped="0" hostname="LAPTOP-9DMQEORQ" name="twitterApplication.TwitterPostRequest" tests="1" failures="0" timestamp="26 Oct 2017 18:51:37 GMT" time="3.047" errors="0">
  <testcase name="getResponse" time="3.047" classname="twitterApplication.TwitterPostRequest"/>
</testsuite> <!-- twitterApplication.TwitterPostRequest -->
