<?xml version="1.0" encoding="UTF-8"?>
<!-- Generated by org.testng.reporters.JUnitReportReporter -->
<testsuite skipped="0" hostname="LAPTOP-9DMQEORQ" name="twitterApplication.TwitterPostRequestVerification" tests="1" failures="0" timestamp="26 Oct 2017 22:16:37 GMT" time="2.998" errors="0">
  <testcase name="extractResponse" time="2.998" classname="twitterApplication.TwitterPostRequestVerification"/>
</testsuite> <!-- twitterApplication.TwitterPostRequestVerification -->
