<?xml version="1.0" encoding="UTF-8"?>
<!-- Generated by org.testng.reporters.JUnitReportReporter -->
<testsuite skipped="0" hostname="LAPTOP-9DMQEORQ" name="RequestAndResponse.PostResponsePOJO" tests="1" failures="0" timestamp="25 Oct 2017 23:21:01 GMT" time="2.971" errors="0">
  <testcase name="getResponse" time="2.971" classname="RequestAndResponse.PostResponsePOJO"/>
</testsuite> <!-- RequestAndResponse.PostResponsePOJO -->
