<?xml version="1.0" encoding="UTF-8"?>
<!-- Generated by org.testng.reporters.JUnitReportReporter -->
<testsuite skipped="0" hostname="LAPTOP-9DMQEORQ" name="RequestAndResponse.PostRequest" tests="1" failures="0" timestamp="25 Oct 2017 23:13:42 GMT" time="2.204" errors="0">
  <testcase name="getResponse" time="2.204" classname="RequestAndResponse.PostRequest"/>
</testsuite> <!-- RequestAndResponse.PostRequest -->
