<?xml version="1.0" encoding="UTF-8"?>
<!-- Generated by org.testng.reporters.JUnitReportReporter -->
<testsuite skipped="1" hostname="LAPTOP-9DMQEORQ" name="RequestAndResponse.GetRequest" tests="2" failures="0" timestamp="25 Oct 2017 17:06:49 GMT" time="3.323" errors="0">
  <testcase name="getResponseVerification" time="3.323" classname="RequestAndResponse.GetRequest"/>
  <testcase name="getResponse" classname="RequestAndResponse.GetRequest">
    <skipped/>
  </testcase> <!-- getResponse -->
</testsuite> <!-- RequestAndResponse.GetRequest -->
