<?xml version="1.0" encoding="UTF-8"?>
<!-- Generated by org.testng.reporters.JUnitReportReporter -->
<testsuite skipped="0" hostname="LAPTOP-9DMQEORQ" name="RequestAndResponse.ResponseValidate" tests="1" failures="0" timestamp="25 Oct 2017 21:15:44 GMT" time="3.574" errors="0">
  <testcase name="getResponse" time="3.574" classname="RequestAndResponse.ResponseValidate"/>
</testsuite> <!-- RequestAndResponse.ResponseValidate -->
